2016/02/11 10:35:38 INFO  - jmeter.util.JMeterUtils: Setting Locale to en_US 
2016/02/11 10:35:38 INFO  - jmeter.JMeter: Loading user properties from: /usr/local/Cellar/jmeter/2.13/libexec/bin/user.properties 
2016/02/11 10:35:38 INFO  - jmeter.JMeter: Loading system properties from: /usr/local/Cellar/jmeter/2.13/libexec/bin/system.properties 
2016/02/11 10:35:38 INFO  - jmeter.JMeter: Copyright (c) 1998-2015 The Apache Software Foundation 
2016/02/11 10:35:38 INFO  - jmeter.JMeter: Version 2.13 r1665067 
2016/02/11 10:35:38 INFO  - jmeter.JMeter: java.version=1.8.0_71 
2016/02/11 10:35:38 INFO  - jmeter.JMeter: java.vm.name=Java HotSpot(TM) 64-Bit Server VM 
2016/02/11 10:35:38 INFO  - jmeter.JMeter: os.name=Mac OS X 
2016/02/11 10:35:38 INFO  - jmeter.JMeter: os.arch=x86_64 
2016/02/11 10:35:38 INFO  - jmeter.JMeter: os.version=10.11.1 
2016/02/11 10:35:38 INFO  - jmeter.JMeter: file.encoding=UTF-8 
2016/02/11 10:35:38 INFO  - jmeter.JMeter: Default Locale=English (United States) 
2016/02/11 10:35:38 INFO  - jmeter.JMeter: JMeter  Locale=English (United States) 
2016/02/11 10:35:38 INFO  - jmeter.JMeter: JMeterHome=/usr/local/Cellar/jmeter/2.13/libexec 
2016/02/11 10:35:38 INFO  - jmeter.JMeter: user.dir  =/Users/phanindra/Development/dse-ansible 
2016/02/11 10:35:38 INFO  - jmeter.JMeter: PWD       =/Users/phanindra/Development/dse-ansible 
2016/02/11 10:35:39 INFO  - jmeter.JMeter: IP: 10.0.0.250 Name: Phanindras-MacBook-Pro.local FullName: 10.0.0.250 
2016/02/11 10:35:43 INFO  - jmeter.gui.action.LookAndFeelCommand: Using look and feel: com.apple.laf.AquaLookAndFeel [Mac OS X, System] 
2016/02/11 10:35:43 INFO  - jmeter.JMeter: Loaded icon properties from org/apache/jmeter/images/icon.properties 
2016/02/11 10:35:45 INFO  - jmeter.engine.util.CompoundVariable: Note: Function class names must contain the string: '.functions.' 
2016/02/11 10:35:45 INFO  - jmeter.engine.util.CompoundVariable: Note: Function class names must not contain the string: '.gui.' 
2016/02/11 10:35:46 INFO  - jmeter.util.BSFTestElement: Registering JMeter version of JavaScript engine as work-round for BSF-22 
2016/02/11 10:35:46 INFO  - jmeter.protocol.http.sampler.HTTPSamplerBase: Cannot find .className property for htmlParser, using default 
2016/02/11 10:35:46 INFO  - jmeter.protocol.http.sampler.HTTPSamplerBase: Parser for text/html is  
2016/02/11 10:35:46 INFO  - jmeter.protocol.http.sampler.HTTPSamplerBase: Parser for application/xhtml+xml is  
2016/02/11 10:35:46 INFO  - jmeter.protocol.http.sampler.HTTPSamplerBase: Parser for application/xml is  
2016/02/11 10:35:46 INFO  - jmeter.protocol.http.sampler.HTTPSamplerBase: Parser for text/xml is  
2016/02/11 10:35:46 INFO  - jmeter.protocol.http.sampler.HTTPSamplerBase: Parser for text/vnd.wap.wml is org.apache.jmeter.protocol.http.parser.RegexpHTMLParser 
2016/02/11 10:35:46 INFO  - jmeter.gui.util.MenuFactory: Skipping org.apache.jmeter.protocol.http.control.gui.WebServiceSamplerGui 
2016/02/11 10:35:46 INFO  - jmeter.gui.util.MenuFactory: Skipping org.apache.jmeter.protocol.http.modifier.gui.ParamModifierGui 
2016/02/11 10:35:47 INFO  - jorphan.exec.KeyToolUtils: keytool found at 'keytool' 
2016/02/11 10:35:47 INFO  - jmeter.protocol.http.proxy.ProxyControl: HTTP(S) Test Script Recorder SSL Proxy will use keys that support embedded 3rd party resources in file /usr/local/Cellar/jmeter/2.13/libexec/bin/proxyserver.jks 
2016/02/11 10:35:47 INFO  - jmeter.samplers.SampleResult: Note: Sample TimeStamps are START times 
2016/02/11 10:35:47 INFO  - jmeter.samplers.SampleResult: sampleresult.default.encoding is set to ISO-8859-1 
2016/02/11 10:35:47 INFO  - jmeter.samplers.SampleResult: sampleresult.useNanoTime=true 
2016/02/11 10:35:47 INFO  - jmeter.samplers.SampleResult: sampleresult.nanoThreadSleep=5000 
2016/02/11 10:36:09 INFO  - jmeter.services.FileServer: Default base='/Users/phanindra/Development/dse-ansible' 
2016/02/11 10:36:09 INFO  - jmeter.gui.action.Load: Loading file: /Users/phanindra/Downloads/IHSAllTests.jmx 
2016/02/11 10:36:09 INFO  - jmeter.services.FileServer: Set new base='/Users/phanindra/Downloads' 
2016/02/11 10:36:09 INFO  - jmeter.save.SaveService: Testplan (JMX) version: 2.2. Testlog (JTL) version: 2.2 
2016/02/11 10:36:09 INFO  - jmeter.save.SaveService: Using SaveService properties file encoding UTF-8 
2016/02/11 10:36:09 INFO  - jmeter.save.SaveService: Using SaveService properties file version 1656252 
2016/02/11 10:36:09 INFO  - jmeter.save.SaveService: Using SaveService properties version 2.8 
2016/02/11 10:36:09 INFO  - jmeter.save.SaveService: All converter versions present and correct 
2016/02/11 10:36:09 INFO  - jmeter.save.SaveService: Loading file: /Users/phanindra/Downloads/IHSAllTests.jmx 
2016/02/11 10:36:09 WARN  - jmeter.gui.action.Load: Unexpected error java.lang.IllegalArgumentException: Problem loading XML from:'/Users/phanindra/Downloads/IHSAllTests.jmx', conversion error com.thoughtworks.xstream.converters.ConversionException: org.apache.cassandra.jmeter.config.CassandraConnection : org.apache.cassandra.jmeter.config.CassandraConnection
---- Debugging information ----
message             : org.apache.cassandra.jmeter.config.CassandraConnection
cause-exception     : com.thoughtworks.xstream.mapper.CannotResolveClassException
cause-message       : org.apache.cassandra.jmeter.config.CassandraConnection
class               : org.apache.jorphan.collections.ListedHashTree
required-type       : org.apache.jorphan.collections.ListedHashTree
converter-type      : org.apache.jmeter.save.converters.HashTreeConverter
path                : /jmeterTestPlan/hashTree/hashTree/org.apache.cassandra.jmeter.config.CassandraConnection
line number         : 14
------------------------------- : org.apache.cassandra.jmeter.config.CassandraConnection : org.apache.cassandra.jmeter.config.CassandraConnection
---- Debugging information ----
message             : org.apache.cassandra.jmeter.config.CassandraConnection
cause-exception     : com.thoughtworks.xstream.mapper.CannotResolveClassException
cause-message       : org.apache.cassandra.jmeter.config.CassandraConnection
class               : org.apache.jorphan.collections.ListedHashTree
required-type       : org.apache.jorphan.collections.ListedHashTree
converter-type      : org.apache.jmeter.save.converters.HashTreeConverter
path                : /jmeterTestPlan/hashTree/hashTree/org.apache.cassandra.jmeter.config.CassandraConnection
line number         : 14
-------------------------------
message             : org.apache.cassandra.jmeter.config.CassandraConnection : org.apache.cassandra.jmeter.config.CassandraConnection
---- Debugging information ----
message             : org.apache.cassandra.jmeter.config.CassandraConnection
cause-exception     : com.thoughtworks.xstream.mapper.CannotResolveClassException
cause-message       : org.apache.cassandra.jmeter.config.CassandraConnection
class               : org.apache.jorphan.collections.ListedHashTree
required-type       : org.apache.jorphan.collections.ListedHashTree
converter-type      : org.apache.jmeter.save.converters.HashTreeConverter
path                : /jmeterTestPlan/hashTree/hashTree/org.apache.cassandra.jmeter.config.CassandraConnection
line number         : 14
-------------------------------
cause-exception     : com.thoughtworks.xstream.converters.ConversionException
cause-message       : org.apache.cassandra.jmeter.config.CassandraConnection : org.apache.cassandra.jmeter.config.CassandraConnection
first-jmeter-class  : org.apache.jmeter.save.converters.HashTreeConverter.unmarshal(HashTreeConverter.java:67)
class               : org.apache.jmeter.save.ScriptWrapper
required-type       : org.apache.jorphan.collections.ListedHashTree
converter-type      : org.apache.jmeter.save.ScriptWrapperConverter
path                : /jmeterTestPlan/hashTree/hashTree/org.apache.cassandra.jmeter.config.CassandraConnection
line number         : 14
version             : 2.13 r1665067
-------------------------------
	at org.apache.jmeter.save.SaveService.readTree(SaveService.java:586)
	at org.apache.jmeter.save.SaveService.loadTree(SaveService.java:537)
	at org.apache.jmeter.gui.action.Load.loadProjectFile(Load.java:130)
	at org.apache.jmeter.gui.action.Load.loadProjectFile(Load.java:102)
	at org.apache.jmeter.gui.action.Load.doAction(Load.java:89)
	at org.apache.jmeter.gui.action.ActionRouter.performAction(ActionRouter.java:81)
	at org.apache.jmeter.gui.action.ActionRouter.access$000(ActionRouter.java:40)
	at org.apache.jmeter.gui.action.ActionRouter$1.run(ActionRouter.java:63)
	at java.awt.event.InvocationEvent.dispatch(InvocationEvent.java:311)
	at java.awt.EventQueue.dispatchEventImpl(EventQueue.java:756)
	at java.awt.EventQueue.access$500(EventQueue.java:97)
	at java.awt.EventQueue$3.run(EventQueue.java:709)
	at java.awt.EventQueue$3.run(EventQueue.java:703)
	at java.security.AccessController.doPrivileged(Native Method)
	at java.security.ProtectionDomain$JavaSecurityAccessImpl.doIntersectionPrivilege(ProtectionDomain.java:76)
	at java.awt.EventQueue.dispatchEvent(EventQueue.java:726)
	at java.awt.EventDispatchThread.pumpOneEventForFilters(EventDispatchThread.java:201)
	at java.awt.EventDispatchThread.pumpEventsForFilter(EventDispatchThread.java:116)
	at java.awt.EventDispatchThread.pumpEventsForHierarchy(EventDispatchThread.java:105)
	at java.awt.EventDispatchThread.pumpEvents(EventDispatchThread.java:101)
	at java.awt.EventDispatchThread.pumpEvents(EventDispatchThread.java:93)
	at java.awt.EventDispatchThread.run(EventDispatchThread.java:82)
Caused by: com.thoughtworks.xstream.converters.ConversionException: org.apache.cassandra.jmeter.config.CassandraConnection : org.apache.cassandra.jmeter.config.CassandraConnection
---- Debugging information ----
message             : org.apache.cassandra.jmeter.config.CassandraConnection
cause-exception     : com.thoughtworks.xstream.mapper.CannotResolveClassException
cause-message       : org.apache.cassandra.jmeter.config.CassandraConnection
class               : org.apache.jorphan.collections.ListedHashTree
required-type       : org.apache.jorphan.collections.ListedHashTree
converter-type      : org.apache.jmeter.save.converters.HashTreeConverter
path                : /jmeterTestPlan/hashTree/hashTree/org.apache.cassandra.jmeter.config.CassandraConnection
line number         : 14
------------------------------- : org.apache.cassandra.jmeter.config.CassandraConnection : org.apache.cassandra.jmeter.config.CassandraConnection
---- Debugging information ----
message             : org.apache.cassandra.jmeter.config.CassandraConnection
cause-exception     : com.thoughtworks.xstream.mapper.CannotResolveClassException
cause-message       : org.apache.cassandra.jmeter.config.CassandraConnection
class               : org.apache.jorphan.collections.ListedHashTree
required-type       : org.apache.jorphan.collections.ListedHashTree
converter-type      : org.apache.jmeter.save.converters.HashTreeConverter
path                : /jmeterTestPlan/hashTree/hashTree/org.apache.cassandra.jmeter.config.CassandraConnection
line number         : 14
-------------------------------
message             : org.apache.cassandra.jmeter.config.CassandraConnection : org.apache.cassandra.jmeter.config.CassandraConnection
---- Debugging information ----
message             : org.apache.cassandra.jmeter.config.CassandraConnection
cause-exception     : com.thoughtworks.xstream.mapper.CannotResolveClassException
cause-message       : org.apache.cassandra.jmeter.config.CassandraConnection
class               : org.apache.jorphan.collections.ListedHashTree
required-type       : org.apache.jorphan.collections.ListedHashTree
converter-type      : org.apache.jmeter.save.converters.HashTreeConverter
path                : /jmeterTestPlan/hashTree/hashTree/org.apache.cassandra.jmeter.config.CassandraConnection
line number         : 14
-------------------------------
cause-exception     : com.thoughtworks.xstream.converters.ConversionException
cause-message       : org.apache.cassandra.jmeter.config.CassandraConnection : org.apache.cassandra.jmeter.config.CassandraConnection
first-jmeter-class  : org.apache.jmeter.save.converters.HashTreeConverter.unmarshal(HashTreeConverter.java:67)
class               : org.apache.jmeter.save.ScriptWrapper
required-type       : org.apache.jorphan.collections.ListedHashTree
converter-type      : org.apache.jmeter.save.ScriptWrapperConverter
path                : /jmeterTestPlan/hashTree/hashTree/org.apache.cassandra.jmeter.config.CassandraConnection
line number         : 14
version             : 2.13 r1665067
-------------------------------
	at org.apache.jmeter.save.ScriptWrapperConverter.createConversionException(ScriptWrapperConverter.java:105)
	at org.apache.jmeter.save.ScriptWrapperConverter.unmarshal(ScriptWrapperConverter.java:99)
	at com.thoughtworks.xstream.core.TreeUnmarshaller.convert(TreeUnmarshaller.java:72)
	at com.thoughtworks.xstream.core.AbstractReferenceUnmarshaller.convert(AbstractReferenceUnmarshaller.java:65)
	at com.thoughtworks.xstream.core.TreeUnmarshaller.convertAnother(TreeUnmarshaller.java:66)
	at com.thoughtworks.xstream.core.TreeUnmarshaller.convertAnother(TreeUnmarshaller.java:50)
	at com.thoughtworks.xstream.core.TreeUnmarshaller.start(TreeUnmarshaller.java:134)
	at com.thoughtworks.xstream.core.AbstractTreeMarshallingStrategy.unmarshal(AbstractTreeMarshallingStrategy.java:32)
	at com.thoughtworks.xstream.XStream.unmarshal(XStream.java:1206)
	at com.thoughtworks.xstream.XStream.unmarshal(XStream.java:1190)
	at com.thoughtworks.xstream.XStream.fromXML(XStream.java:1061)
	at org.apache.jmeter.save.SaveService.readTree(SaveService.java:559)
	... 21 more
Caused by: com.thoughtworks.xstream.converters.ConversionException: org.apache.cassandra.jmeter.config.CassandraConnection : org.apache.cassandra.jmeter.config.CassandraConnection
---- Debugging information ----
message             : org.apache.cassandra.jmeter.config.CassandraConnection
cause-exception     : com.thoughtworks.xstream.mapper.CannotResolveClassException
cause-message       : org.apache.cassandra.jmeter.config.CassandraConnection
class               : org.apache.jorphan.collections.ListedHashTree
required-type       : org.apache.jorphan.collections.ListedHashTree
converter-type      : org.apache.jmeter.save.converters.HashTreeConverter
path                : /jmeterTestPlan/hashTree/hashTree/org.apache.cassandra.jmeter.config.CassandraConnection
line number         : 14
-------------------------------
	at com.thoughtworks.xstream.core.TreeUnmarshaller.convert(TreeUnmarshaller.java:79)
	at com.thoughtworks.xstream.core.AbstractReferenceUnmarshaller.convert(AbstractReferenceUnmarshaller.java:65)
	at com.thoughtworks.xstream.core.TreeUnmarshaller.convertAnother(TreeUnmarshaller.java:66)
	at com.thoughtworks.xstream.core.TreeUnmarshaller.convertAnother(TreeUnmarshaller.java:50)
	at com.thoughtworks.xstream.converters.collections.AbstractCollectionConverter.readItem(AbstractCollectionConverter.java:71)
	at org.apache.jmeter.save.converters.HashTreeConverter.unmarshal(HashTreeConverter.java:67)
	at com.thoughtworks.xstream.core.TreeUnmarshaller.convert(TreeUnmarshaller.java:72)
	at com.thoughtworks.xstream.core.AbstractReferenceUnmarshaller.convert(AbstractReferenceUnmarshaller.java:65)
	at com.thoughtworks.xstream.core.TreeUnmarshaller.convertAnother(TreeUnmarshaller.java:66)
	at com.thoughtworks.xstream.core.TreeUnmarshaller.convertAnother(TreeUnmarshaller.java:50)
	at org.apache.jmeter.save.ScriptWrapperConverter.unmarshal(ScriptWrapperConverter.java:95)
	... 31 more
Caused by: com.thoughtworks.xstream.mapper.CannotResolveClassException: org.apache.cassandra.jmeter.config.CassandraConnection
	at com.thoughtworks.xstream.mapper.DefaultMapper.realClass(DefaultMapper.java:79)
	at com.thoughtworks.xstream.mapper.MapperWrapper.realClass(MapperWrapper.java:30)
	at com.thoughtworks.xstream.mapper.DynamicProxyMapper.realClass(DynamicProxyMapper.java:55)
	at com.thoughtworks.xstream.mapper.MapperWrapper.realClass(MapperWrapper.java:30)
	at com.thoughtworks.xstream.mapper.PackageAliasingMapper.realClass(PackageAliasingMapper.java:88)
	at com.thoughtworks.xstream.mapper.MapperWrapper.realClass(MapperWrapper.java:30)
	at com.thoughtworks.xstream.mapper.ClassAliasingMapper.realClass(ClassAliasingMapper.java:79)
	at com.thoughtworks.xstream.mapper.MapperWrapper.realClass(MapperWrapper.java:30)
	at com.thoughtworks.xstream.mapper.MapperWrapper.realClass(MapperWrapper.java:30)
	at com.thoughtworks.xstream.mapper.MapperWrapper.realClass(MapperWrapper.java:30)
	at com.thoughtworks.xstream.mapper.MapperWrapper.realClass(MapperWrapper.java:30)
	at com.thoughtworks.xstream.mapper.MapperWrapper.realClass(MapperWrapper.java:30)
	at com.thoughtworks.xstream.mapper.MapperWrapper.realClass(MapperWrapper.java:30)
	at com.thoughtworks.xstream.mapper.ArrayMapper.realClass(ArrayMapper.java:74)
	at com.thoughtworks.xstream.mapper.MapperWrapper.realClass(MapperWrapper.java:30)
	at com.thoughtworks.xstream.mapper.MapperWrapper.realClass(MapperWrapper.java:30)
	at com.thoughtworks.xstream.mapper.MapperWrapper.realClass(MapperWrapper.java:30)
	at com.thoughtworks.xstream.mapper.MapperWrapper.realClass(MapperWrapper.java:30)
	at com.thoughtworks.xstream.mapper.MapperWrapper.realClass(MapperWrapper.java:30)
	at com.thoughtworks.xstream.mapper.MapperWrapper.realClass(MapperWrapper.java:30)
	at com.thoughtworks.xstream.mapper.MapperWrapper.realClass(MapperWrapper.java:30)
	at com.thoughtworks.xstream.mapper.SecurityMapper.realClass(SecurityMapper.java:71)
	at com.thoughtworks.xstream.mapper.MapperWrapper.realClass(MapperWrapper.java:30)
	at com.thoughtworks.xstream.mapper.MapperWrapper.realClass(MapperWrapper.java:30)
	at org.apache.jmeter.save.SaveService$XStreamWrapper$1.realClass(SaveService.java:94)
	at com.thoughtworks.xstream.mapper.MapperWrapper.realClass(MapperWrapper.java:30)
	at com.thoughtworks.xstream.mapper.CachingMapper.realClass(CachingMapper.java:47)
	at com.thoughtworks.xstream.core.util.HierarchicalStreams.readClassType(HierarchicalStreams.java:29)
	at com.thoughtworks.xstream.converters.collections.AbstractCollectionConverter.readItem(AbstractCollectionConverter.java:70)
	at org.apache.jmeter.save.converters.HashTreeConverter.unmarshal(HashTreeConverter.java:67)
	at com.thoughtworks.xstream.core.TreeUnmarshaller.convert(TreeUnmarshaller.java:72)
	... 41 more

